<?xml version="1.0" encoding="UTF-8"?>
<coverage generated="1718187716966" clover="3.2.0">
  <project timestamp="1718187716966" name="All files">
    <metrics statements="69" coveredstatements="64" conditionals="18" coveredconditionals="13" methods="28" coveredmethods="25" elements="115" coveredelements="102" complexity="0" loc="69" ncloc="69" packages="2" files="8" classes="8"/>
    <package name="components">
      <metrics statements="68" coveredstatements="63" conditionals="18" coveredconditionals="13" methods="28" coveredmethods="25"/>
      <file name="Body.js" path="C:\Users\reals\OneDrive\Desktop\react-notes\src\components\Body.js">
        <metrics statements="26" coveredstatements="21" conditionals="6" coveredconditionals="4" methods="10" coveredmethods="7"/>
        <line num="8" count="1" type="stmt"/>
        <line num="9" count="4" type="stmt"/>
        <line num="10" count="4" type="stmt"/>
        <line num="11" count="4" type="stmt"/>
        <line num="14" count="4" type="stmt"/>
        <line num="17" count="4" type="stmt"/>
        <line num="19" count="4" type="stmt"/>
        <line num="20" count="1" type="stmt"/>
        <line num="23" count="4" type="stmt"/>
        <line num="24" count="1" type="stmt"/>
        <line num="27" count="1" type="stmt"/>
        <line num="28" count="1" type="stmt"/>
        <line num="31" count="1" type="stmt"/>
        <line num="37" count="4" type="stmt"/>
        <line num="38" count="4" type="cond" truecount="1" falsecount="1"/>
        <line num="39" count="0" type="stmt"/>
        <line num="46" count="4" type="cond" truecount="2" falsecount="0"/>
        <line num="59" count="1" type="stmt"/>
        <line num="65" count="1" type="stmt"/>
        <line num="66" count="20" type="stmt"/>
        <line num="68" count="1" type="stmt"/>
        <line num="78" count="0" type="stmt"/>
        <line num="79" count="0" type="stmt"/>
        <line num="81" count="0" type="stmt"/>
        <line num="94" count="0" type="stmt"/>
        <line num="100" count="40" type="stmt"/>
      </file>
      <file name="Cart.js" path="C:\Users\reals\OneDrive\Desktop\react-notes\src\components\Cart.js">
        <metrics statements="6" coveredstatements="6" conditionals="2" coveredconditionals="2" methods="3" coveredmethods="3"/>
        <line num="5" count="1" type="stmt"/>
        <line num="7" count="8" type="stmt"/>
        <line num="9" count="4" type="stmt"/>
        <line num="11" count="4" type="stmt"/>
        <line num="12" count="1" type="stmt"/>
        <line num="16" count="4" type="stmt"/>
      </file>
      <file name="Contact.js" path="C:\Users\reals\OneDrive\Desktop\react-notes\src\components\Contact.js">
        <metrics statements="2" coveredstatements="2" conditionals="0" coveredconditionals="0" methods="1" coveredmethods="1"/>
        <line num="1" count="1" type="stmt"/>
        <line num="2" count="3" type="stmt"/>
      </file>
      <file name="Header.js" path="C:\Users\reals\OneDrive\Desktop\react-notes\src\components\Header.js">
        <metrics statements="7" coveredstatements="7" conditionals="4" coveredconditionals="2" methods="3" coveredmethods="3"/>
        <line num="8" count="2" type="stmt"/>
        <line num="9" count="8" type="stmt"/>
        <line num="11" count="8" type="stmt"/>
        <line num="13" count="8" type="stmt"/>
        <line num="16" count="15" type="stmt"/>
        <line num="18" count="8" type="stmt"/>
        <line num="52" count="1" type="cond" truecount="1" falsecount="1"/>
      </file>
      <file name="RestaurantCard.js" path="C:\Users\reals\OneDrive\Desktop\react-notes\src\components\RestaurantCard.js">
        <metrics statements="8" coveredstatements="8" conditionals="0" coveredconditionals="0" methods="3" coveredmethods="3"/>
        <line num="5" count="2" type="stmt"/>
        <line num="6" count="41" type="stmt"/>
        <line num="8" count="41" type="stmt"/>
        <line num="10" count="41" type="stmt"/>
        <line num="12" count="41" type="stmt"/>
        <line num="41" count="2" type="stmt"/>
        <line num="42" count="4" type="stmt"/>
        <line num="43" count="40" type="stmt"/>
      </file>
      <file name="RestaurantItems.js" path="C:\Users\reals\OneDrive\Desktop\react-notes\src\components\RestaurantItems.js">
        <metrics statements="7" coveredstatements="7" conditionals="2" coveredconditionals="1" methods="4" coveredmethods="4"/>
        <line num="5" count="1" type="stmt"/>
        <line num="6" count="3" type="stmt"/>
        <line num="8" count="3" type="stmt"/>
        <line num="10" count="2" type="stmt"/>
        <line num="13" count="3" type="stmt"/>
        <line num="17" count="9" type="stmt"/>
        <line num="35" count="2" type="stmt"/>
      </file>
      <file name="RestaurantMenu.js" path="C:\Users\reals\OneDrive\Desktop\react-notes\src\components\RestaurantMenu.js">
        <metrics statements="12" coveredstatements="12" conditionals="4" coveredconditionals="4" methods="4" coveredmethods="4"/>
        <line num="7" count="1" type="stmt"/>
        <line num="8" count="3" type="stmt"/>
        <line num="10" count="3" type="stmt"/>
        <line num="12" count="3" type="stmt"/>
        <line num="14" count="3" type="cond" truecount="2" falsecount="0"/>
        <line num="15" count="1" type="stmt"/>
        <line num="18" count="2" type="stmt"/>
        <line num="23" count="2" type="stmt"/>
        <line num="24" count="30" type="stmt"/>
        <line num="27" count="2" type="stmt"/>
        <line num="33" count="16" type="stmt"/>
        <line num="38" count="1" type="stmt"/>
      </file>
    </package>
    <package name="utils">
      <metrics statements="1" coveredstatements="1" conditionals="0" coveredconditionals="0" methods="0" coveredmethods="0"/>
      <file name="appStore.js" path="C:\Users\reals\OneDrive\Desktop\react-notes\src\utils\appStore.js">
        <metrics statements="1" coveredstatements="1" conditionals="0" coveredconditionals="0" methods="0" coveredmethods="0"/>
        <line num="4" count="2" type="stmt"/>
      </file>
    </package>
  </project>
</coverage>
