{"C:\\Users\\reals\\OneDrive\\Desktop\\react-notes\\src\\components\\Body.js": {"path":"C:\\Users\\reals\\OneDrive\\Desktop\\react-notes\\src\\components\\Body.js","statementMap":{"0":{"start":{"line":8,"column":13},"end":{"line":115,"column":1}},"1":{"start":{"line":9,"column":50},"end":{"line":9,"column":62}},"2":{"start":{"line":10,"column":38},"end":{"line":10,"column":50}},"3":{"start":{"line":11,"column":42},"end":{"line":11,"column":54}},"4":{"start":{"line":14,"column":29},"end":{"line":14,"column":67}},"5":{"start":{"line":17,"column":42},"end":{"line":17,"column":65}},"6":{"start":{"line":19,"column":2},"end":{"line":21,"column":9}},"7":{"start":{"line":20,"column":4},"end":{"line":20,"column":16}},"8":{"start":{"line":23,"column":20},"end":{"line":34,"column":3}},"9":{"start":{"line":24,"column":17},"end":{"line":26,"column":5}},"10":{"start":{"line":27,"column":17},"end":{"line":27,"column":34}},"11":{"start":{"line":28,"column":4},"end":{"line":30,"column":6}},"12":{"start":{"line":31,"column":4},"end":{"line":33,"column":6}},"13":{"start":{"line":37,"column":23},"end":{"line":37,"column":40}},"14":{"start":{"line":38,"column":2},"end":{"line":44,"column":3}},"15":{"start":{"line":39,"column":4},"end":{"line":43,"column":6}},"16":{"start":{"line":46,"column":2},"end":{"line":114,"column":4}},"17":{"start":{"line":59,"column":14},"end":{"line":59,"column":44}},"18":{"start":{"line":65,"column":35},"end":{"line":67,"column":15}},"19":{"start":{"line":66,"column":16},"end":{"line":66,"column":78}},"20":{"start":{"line":68,"column":14},"end":{"line":68,"column":44}},"21":{"start":{"line":78,"column":33},"end":{"line":80,"column":15}},"22":{"start":{"line":79,"column":25},"end":{"line":79,"column":47}},"23":{"start":{"line":81,"column":14},"end":{"line":81,"column":44}},"24":{"start":{"line":94,"column":29},"end":{"line":94,"column":56}},"25":{"start":{"line":100,"column":10},"end":{"line":110,"column":17}}},"fnMap":{"0":{"name":"(anonymous_0)","decl":{"start":{"line":8,"column":13},"end":{"line":8,"column":14}},"loc":{"start":{"line":8,"column":19},"end":{"line":115,"column":1}},"line":8},"1":{"name":"(anonymous_1)","decl":{"start":{"line":19,"column":12},"end":{"line":19,"column":13}},"loc":{"start":{"line":19,"column":18},"end":{"line":21,"column":3}},"line":19},"2":{"name":"(anonymous_2)","decl":{"start":{"line":23,"column":20},"end":{"line":23,"column":21}},"loc":{"start":{"line":23,"column":32},"end":{"line":34,"column":3}},"line":23},"3":{"name":"(anonymous_3)","decl":{"start":{"line":58,"column":22},"end":{"line":58,"column":23}},"loc":{"start":{"line":58,"column":29},"end":{"line":60,"column":13}},"line":58},"4":{"name":"(anonymous_4)","decl":{"start":{"line":64,"column":21},"end":{"line":64,"column":22}},"loc":{"start":{"line":64,"column":27},"end":{"line":69,"column":13}},"line":64},"5":{"name":"(anonymous_5)","decl":{"start":{"line":65,"column":59},"end":{"line":65,"column":60}},"loc":{"start":{"line":66,"column":16},"end":{"line":66,"column":78}},"line":66},"6":{"name":"(anonymous_6)","decl":{"start":{"line":77,"column":21},"end":{"line":77,"column":22}},"loc":{"start":{"line":77,"column":27},"end":{"line":82,"column":13}},"line":77},"7":{"name":"(anonymous_7)","decl":{"start":{"line":79,"column":16},"end":{"line":79,"column":17}},"loc":{"start":{"line":79,"column":25},"end":{"line":79,"column":47}},"line":79},"8":{"name":"(anonymous_8)","decl":{"start":{"line":94,"column":22},"end":{"line":94,"column":23}},"loc":{"start":{"line":94,"column":29},"end":{"line":94,"column":56}},"line":94},"9":{"name":"(anonymous_9)","decl":{"start":{"line":99,"column":27},"end":{"line":99,"column":28}},"loc":{"start":{"line":100,"column":10},"end":{"line":110,"column":17}},"line":100}},"branchMap":{"0":{"loc":{"start":{"line":38,"column":2},"end":{"line":44,"column":3}},"type":"if","locations":[{"start":{"line":38,"column":2},"end":{"line":44,"column":3}},{"start":{},"end":{}}],"line":38},"1":{"loc":{"start":{"line":46,"column":9},"end":{"line":114,"column":3}},"type":"cond-expr","locations":[{"start":{"line":47,"column":4},"end":{"line":47,"column":15}},{"start":{"line":49,"column":4},"end":{"line":113,"column":10}}],"line":46},"2":{"loc":{"start":{"line":105,"column":13},"end":{"line":109,"column":13}},"type":"cond-expr","locations":[{"start":{"line":106,"column":14},"end":{"line":106,"column":57}},{"start":{"line":108,"column":14},"end":{"line":108,"column":53}}],"line":105}},"s":{"0":1,"1":4,"2":4,"3":4,"4":4,"5":4,"6":4,"7":1,"8":4,"9":1,"10":1,"11":1,"12":1,"13":4,"14":4,"15":0,"16":4,"17":1,"18":1,"19":20,"20":1,"21":0,"22":0,"23":0,"24":0,"25":40},"f":{"0":4,"1":1,"2":1,"3":1,"4":1,"5":20,"6":0,"7":0,"8":0,"9":40},"b":{"0":[0,4],"1":[1,3],"2":[40,0]},"_coverageSchema":"1a1c01bbd47fc00a2c39e90264f33305004495a9","hash":"c01aaf7c3b615c3634b9309fb31cfc50b700841c"}
,"C:\\Users\\reals\\OneDrive\\Desktop\\react-notes\\src\\components\\Cart.js": {"path":"C:\\Users\\reals\\OneDrive\\Desktop\\react-notes\\src\\components\\Cart.js","statementMap":{"0":{"start":{"line":5,"column":13},"end":{"line":25,"column":1}},"1":{"start":{"line":7,"column":22},"end":{"line":7,"column":62}},"2":{"start":{"line":7,"column":45},"end":{"line":7,"column":61}},"3":{"start":{"line":9,"column":21},"end":{"line":9,"column":34}},"4":{"start":{"line":11,"column":28},"end":{"line":14,"column":5}},"5":{"start":{"line":12,"column":8},"end":{"line":12,"column":29}},"6":{"start":{"line":16,"column":4},"end":{"line":24,"column":5}}},"fnMap":{"0":{"name":"(anonymous_0)","decl":{"start":{"line":5,"column":13},"end":{"line":5,"column":14}},"loc":{"start":{"line":5,"column":19},"end":{"line":25,"column":1}},"line":5},"1":{"name":"(anonymous_1)","decl":{"start":{"line":7,"column":34},"end":{"line":7,"column":35}},"loc":{"start":{"line":7,"column":45},"end":{"line":7,"column":61}},"line":7},"2":{"name":"(anonymous_2)","decl":{"start":{"line":11,"column":28},"end":{"line":11,"column":29}},"loc":{"start":{"line":11,"column":34},"end":{"line":14,"column":5}},"line":11}},"branchMap":{"0":{"loc":{"start":{"line":21,"column":17},"end":{"line":21,"column":147}},"type":"cond-expr","locations":[{"start":{"line":21,"column":42},"end":{"line":21,"column":108}},{"start":{"line":21,"column":111},"end":{"line":21,"column":147}}],"line":21}},"s":{"0":1,"1":5,"2":8,"3":4,"4":4,"5":1,"6":4},"f":{"0":5,"1":8,"2":1},"b":{"0":[2,2]},"_coverageSchema":"1a1c01bbd47fc00a2c39e90264f33305004495a9","hash":"5c2ecf5c4643f68c3142c57a6feb365390053034"}
,"C:\\Users\\reals\\OneDrive\\Desktop\\react-notes\\src\\components\\Contact.js": {"path":"C:\\Users\\reals\\OneDrive\\Desktop\\react-notes\\src\\components\\Contact.js","statementMap":{"0":{"start":{"line":1,"column":16},"end":{"line":12,"column":1}},"1":{"start":{"line":2,"column":4},"end":{"line":11,"column":5}}},"fnMap":{"0":{"name":"(anonymous_0)","decl":{"start":{"line":1,"column":16},"end":{"line":1,"column":17}},"loc":{"start":{"line":1,"column":22},"end":{"line":12,"column":1}},"line":1}},"branchMap":{},"s":{"0":1,"1":3},"f":{"0":3},"b":{},"_coverageSchema":"1a1c01bbd47fc00a2c39e90264f33305004495a9","hash":"8116346c2694d9d083cefa7c76dc55629c4665ad"}
,"C:\\Users\\reals\\OneDrive\\Desktop\\react-notes\\src\\components\\Header.js": {"path":"C:\\Users\\reals\\OneDrive\\Desktop\\react-notes\\src\\components\\Header.js","statementMap":{"0":{"start":{"line":8,"column":15},"end":{"line":63,"column":1}},"1":{"start":{"line":9,"column":26},"end":{"line":9,"column":44}},"2":{"start":{"line":11,"column":23},"end":{"line":11,"column":40}},"3":{"start":{"line":13,"column":29},"end":{"line":13,"column":52}},"4":{"start":{"line":16,"column":20},"end":{"line":16,"column":60}},"5":{"start":{"line":16,"column":43},"end":{"line":16,"column":59}},"6":{"start":{"line":18,"column":2},"end":{"line":62,"column":4}},"7":{"start":{"line":52,"column":14},"end":{"line":52,"column":74}}},"fnMap":{"0":{"name":"(anonymous_0)","decl":{"start":{"line":8,"column":15},"end":{"line":8,"column":16}},"loc":{"start":{"line":8,"column":21},"end":{"line":63,"column":1}},"line":8},"1":{"name":"(anonymous_1)","decl":{"start":{"line":16,"column":32},"end":{"line":16,"column":33}},"loc":{"start":{"line":16,"column":43},"end":{"line":16,"column":59}},"line":16},"2":{"name":"(anonymous_2)","decl":{"start":{"line":51,"column":21},"end":{"line":51,"column":22}},"loc":{"start":{"line":51,"column":27},"end":{"line":53,"column":13}},"line":51}},"branchMap":{"0":{"loc":{"start":{"line":28,"column":47},"end":{"line":28,"column":73}},"type":"cond-expr","locations":[{"start":{"line":28,"column":62},"end":{"line":28,"column":66}},{"start":{"line":28,"column":69},"end":{"line":28,"column":73}}],"line":28},"1":{"loc":{"start":{"line":52,"column":14},"end":{"line":52,"column":73}},"type":"cond-expr","locations":[{"start":{"line":52,"column":35},"end":{"line":52,"column":52}},{"start":{"line":52,"column":55},"end":{"line":52,"column":73}}],"line":52}},"s":{"0":2,"1":8,"2":8,"3":8,"4":8,"5":15,"6":8,"7":1},"f":{"0":8,"1":15,"2":1},"b":{"0":[8,0],"1":[0,1]},"_coverageSchema":"1a1c01bbd47fc00a2c39e90264f33305004495a9","hash":"5325ebcae4557a4980edde3b5f67a102b39abd93"}
,"C:\\Users\\reals\\OneDrive\\Desktop\\react-notes\\src\\components\\RestaurantCard.js": {"path":"C:\\Users\\reals\\OneDrive\\Desktop\\react-notes\\src\\components\\RestaurantCard.js","statementMap":{"0":{"start":{"line":5,"column":23},"end":{"line":38,"column":1}},"1":{"start":{"line":6,"column":2},"end":{"line":6,"column":23}},"2":{"start":{"line":8,"column":45},"end":{"line":8,"column":58}},"3":{"start":{"line":10,"column":29},"end":{"line":10,"column":52}},"4":{"start":{"line":12,"column":2},"end":{"line":37,"column":4}},"5":{"start":{"line":41,"column":38},"end":{"line":58,"column":1}},"6":{"start":{"line":42,"column":2},"end":{"line":57,"column":4}},"7":{"start":{"line":43,"column":4},"end":{"line":56,"column":6}}},"fnMap":{"0":{"name":"(anonymous_0)","decl":{"start":{"line":5,"column":23},"end":{"line":5,"column":24}},"loc":{"start":{"line":5,"column":40},"end":{"line":38,"column":1}},"line":5},"1":{"name":"(anonymous_1)","decl":{"start":{"line":41,"column":38},"end":{"line":41,"column":39}},"loc":{"start":{"line":41,"column":58},"end":{"line":58,"column":1}},"line":41},"2":{"name":"(anonymous_2)","decl":{"start":{"line":42,"column":9},"end":{"line":42,"column":10}},"loc":{"start":{"line":42,"column":20},"end":{"line":57,"column":3}},"line":42}},"branchMap":{},"s":{"0":2,"1":41,"2":41,"3":41,"4":41,"5":2,"6":4,"7":40},"f":{"0":41,"1":4,"2":40},"b":{},"_coverageSchema":"1a1c01bbd47fc00a2c39e90264f33305004495a9","hash":"b774658218c4d44cc0285bbb56a43e89efde3996"}
,"C:\\Users\\reals\\OneDrive\\Desktop\\react-notes\\src\\components\\RestaurantItems.js": {"path":"C:\\Users\\reals\\OneDrive\\Desktop\\react-notes\\src\\components\\RestaurantItems.js","statementMap":{"0":{"start":{"line":5,"column":24},"end":{"line":50,"column":1}},"1":{"start":{"line":6,"column":19},"end":{"line":6,"column":32}},"2":{"start":{"line":8,"column":25},"end":{"line":11,"column":3}},"3":{"start":{"line":10,"column":4},"end":{"line":10,"column":25}},"4":{"start":{"line":13,"column":2},"end":{"line":49,"column":4}},"5":{"start":{"line":17,"column":10},"end":{"line":45,"column":12}},"6":{"start":{"line":35,"column":35},"end":{"line":35,"column":52}}},"fnMap":{"0":{"name":"(anonymous_0)","decl":{"start":{"line":5,"column":24},"end":{"line":5,"column":25}},"loc":{"start":{"line":5,"column":38},"end":{"line":50,"column":1}},"line":5},"1":{"name":"(anonymous_1)","decl":{"start":{"line":8,"column":25},"end":{"line":8,"column":26}},"loc":{"start":{"line":8,"column":32},"end":{"line":11,"column":3}},"line":8},"2":{"name":"(anonymous_2)","decl":{"start":{"line":16,"column":18},"end":{"line":16,"column":19}},"loc":{"start":{"line":16,"column":25},"end":{"line":46,"column":9}},"line":16},"3":{"name":"(anonymous_3)","decl":{"start":{"line":35,"column":29},"end":{"line":35,"column":30}},"loc":{"start":{"line":35,"column":35},"end":{"line":35,"column":52}},"line":35}},"branchMap":{"0":{"loc":{"start":{"line":25,"column":17},"end":{"line":26,"column":51}},"type":"binary-expr","locations":[{"start":{"line":25,"column":17},"end":{"line":25,"column":43}},{"start":{"line":26,"column":18},"end":{"line":26,"column":51}}],"line":25}},"s":{"0":1,"1":3,"2":3,"3":2,"4":3,"5":9,"6":2},"f":{"0":3,"1":2,"2":9,"3":2},"b":{"0":[9,0]},"_coverageSchema":"1a1c01bbd47fc00a2c39e90264f33305004495a9","hash":"d0784bab37d769940b59b432fbba892391e2a6fa"}
,"C:\\Users\\reals\\OneDrive\\Desktop\\react-notes\\src\\components\\RestaurantMenu.js": {"path":"C:\\Users\\reals\\OneDrive\\Desktop\\react-notes\\src\\components\\RestaurantMenu.js","statementMap":{"0":{"start":{"line":7,"column":23},"end":{"line":46,"column":1}},"1":{"start":{"line":8,"column":22},"end":{"line":8,"column":33}},"2":{"start":{"line":10,"column":20},"end":{"line":10,"column":44}},"3":{"start":{"line":12,"column":38},"end":{"line":12,"column":50}},"4":{"start":{"line":14,"column":4},"end":{"line":16,"column":5}},"5":{"start":{"line":15,"column":8},"end":{"line":15,"column":27}},"6":{"start":{"line":18,"column":41},"end":{"line":18,"column":76}},"7":{"start":{"line":23,"column":25},"end":{"line":25,"column":6}},"8":{"start":{"line":24,"column":8},"end":{"line":24,"column":107}},"9":{"start":{"line":27,"column":4},"end":{"line":45,"column":6}},"10":{"start":{"line":33,"column":20},"end":{"line":40,"column":21}},"11":{"start":{"line":38,"column":48},"end":{"line":38,"column":67}}},"fnMap":{"0":{"name":"(anonymous_0)","decl":{"start":{"line":7,"column":23},"end":{"line":7,"column":24}},"loc":{"start":{"line":7,"column":29},"end":{"line":46,"column":1}},"line":7},"1":{"name":"(anonymous_1)","decl":{"start":{"line":23,"column":94},"end":{"line":23,"column":95}},"loc":{"start":{"line":23,"column":101},"end":{"line":25,"column":5}},"line":23},"2":{"name":"(anonymous_2)","decl":{"start":{"line":32,"column":34},"end":{"line":32,"column":35}},"loc":{"start":{"line":32,"column":55},"end":{"line":41,"column":17}},"line":32},"3":{"name":"(anonymous_3)","decl":{"start":{"line":38,"column":42},"end":{"line":38,"column":43}},"loc":{"start":{"line":38,"column":48},"end":{"line":38,"column":67}},"line":38}},"branchMap":{"0":{"loc":{"start":{"line":14,"column":4},"end":{"line":16,"column":5}},"type":"if","locations":[{"start":{"line":14,"column":4},"end":{"line":16,"column":5}},{"start":{},"end":{}}],"line":14},"1":{"loc":{"start":{"line":36,"column":39},"end":{"line":36,"column":73}},"type":"cond-expr","locations":[{"start":{"line":36,"column":61},"end":{"line":36,"column":65}},{"start":{"line":36,"column":68},"end":{"line":36,"column":73}}],"line":36}},"s":{"0":1,"1":3,"2":3,"3":3,"4":3,"5":1,"6":2,"7":2,"8":30,"9":2,"10":16,"11":1},"f":{"0":3,"1":30,"2":16,"3":1},"b":{"0":[1,2],"1":[1,15]},"_coverageSchema":"1a1c01bbd47fc00a2c39e90264f33305004495a9","hash":"4b0035b2070efefe992e5fabf0fab170ac440f4c"}
,"C:\\Users\\reals\\OneDrive\\Desktop\\react-notes\\src\\utils\\appStore.js": {"path":"C:\\Users\\reals\\OneDrive\\Desktop\\react-notes\\src\\utils\\appStore.js","statementMap":{"0":{"start":{"line":4,"column":17},"end":{"line":9,"column":2}}},"fnMap":{},"branchMap":{},"s":{"0":2},"f":{},"b":{},"_coverageSchema":"1a1c01bbd47fc00a2c39e90264f33305004495a9","hash":"fa583afd3aefe84a60a36b00dcc4274910999706"}
}
