TN:
SF:src\components\Body.js
FN:8,(anonymous_0)
FN:19,(anonymous_1)
FN:23,(anonymous_2)
FN:58,(anonymous_3)
FN:64,(anonymous_4)
FN:65,(anonymous_5)
FN:77,(anonymous_6)
FN:79,(anonymous_7)
FN:94,(anonymous_8)
FN:99,(anonymous_9)
FNF:10
FNH:7
FNDA:4,(anonymous_0)
FNDA:1,(anonymous_1)
FNDA:1,(anonymous_2)
FNDA:1,(anonymous_3)
FNDA:1,(anonymous_4)
FNDA:20,(anonymous_5)
FNDA:0,(anonymous_6)
FNDA:0,(anonymous_7)
FNDA:0,(anonymous_8)
FNDA:40,(anonymous_9)
DA:8,1
DA:9,4
DA:10,4
DA:11,4
DA:14,4
DA:17,4
DA:19,4
DA:20,1
DA:23,4
DA:24,1
DA:27,1
DA:28,1
DA:31,1
DA:37,4
DA:38,4
DA:39,0
DA:46,4
DA:59,1
DA:65,1
DA:66,20
DA:68,1
DA:78,0
DA:79,0
DA:81,0
DA:94,0
DA:100,40
LF:26
LH:21
BRDA:38,0,0,0
BRDA:38,0,1,4
BRDA:46,1,0,1
BRDA:46,1,1,3
BRDA:105,2,0,40
BRDA:105,2,1,0
BRF:6
BRH:4
end_of_record
TN:
SF:src\components\Cart.js
FN:5,(anonymous_0)
FN:7,(anonymous_1)
FN:11,(anonymous_2)
FNF:3
FNH:3
FNDA:5,(anonymous_0)
FNDA:8,(anonymous_1)
FNDA:1,(anonymous_2)
DA:5,1
DA:7,8
DA:9,4
DA:11,4
DA:12,1
DA:16,4
LF:6
LH:6
BRDA:21,0,0,2
BRDA:21,0,1,2
BRF:2
BRH:2
end_of_record
TN:
SF:src\components\Contact.js
FN:1,(anonymous_0)
FNF:1
FNH:1
FNDA:3,(anonymous_0)
DA:1,1
DA:2,3
LF:2
LH:2
BRF:0
BRH:0
end_of_record
TN:
SF:src\components\Header.js
FN:8,(anonymous_0)
FN:16,(anonymous_1)
FN:51,(anonymous_2)
FNF:3
FNH:3
FNDA:8,(anonymous_0)
FNDA:15,(anonymous_1)
FNDA:1,(anonymous_2)
DA:8,2
DA:9,8
DA:11,8
DA:13,8
DA:16,15
DA:18,8
DA:52,1
LF:7
LH:7
BRDA:28,0,0,8
BRDA:28,0,1,0
BRDA:52,1,0,0
BRDA:52,1,1,1
BRF:4
BRH:2
end_of_record
TN:
SF:src\components\RestaurantCard.js
FN:5,(anonymous_0)
FN:41,(anonymous_1)
FN:42,(anonymous_2)
FNF:3
FNH:3
FNDA:41,(anonymous_0)
FNDA:4,(anonymous_1)
FNDA:40,(anonymous_2)
DA:5,2
DA:6,41
DA:8,41
DA:10,41
DA:12,41
DA:41,2
DA:42,4
DA:43,40
LF:8
LH:8
BRF:0
BRH:0
end_of_record
TN:
SF:src\components\RestaurantItems.js
FN:5,(anonymous_0)
FN:8,(anonymous_1)
FN:16,(anonymous_2)
FN:35,(anonymous_3)
FNF:4
FNH:4
FNDA:3,(anonymous_0)
FNDA:2,(anonymous_1)
FNDA:9,(anonymous_2)
FNDA:2,(anonymous_3)
DA:5,1
DA:6,3
DA:8,3
DA:10,2
DA:13,3
DA:17,9
DA:35,2
LF:7
LH:7
BRDA:25,0,0,9
BRDA:25,0,1,0
BRF:2
BRH:1
end_of_record
TN:
SF:src\components\RestaurantMenu.js
FN:7,(anonymous_0)
FN:23,(anonymous_1)
FN:32,(anonymous_2)
FN:38,(anonymous_3)
FNF:4
FNH:4
FNDA:3,(anonymous_0)
FNDA:30,(anonymous_1)
FNDA:16,(anonymous_2)
FNDA:1,(anonymous_3)
DA:7,1
DA:8,3
DA:10,3
DA:12,3
DA:14,3
DA:15,1
DA:18,2
DA:23,2
DA:24,30
DA:27,2
DA:33,16
DA:38,1
LF:12
LH:12
BRDA:14,0,0,1
BRDA:14,0,1,2
BRDA:36,1,0,1
BRDA:36,1,1,15
BRF:4
BRH:4
end_of_record
TN:
SF:src\utils\appStore.js
FNF:0
FNH:0
DA:4,2
LF:1
LH:1
BRF:0
BRH:0
end_of_record
